# JRE version: OpenJDK Runtime Environment (21.0.5) (build 21.0.5+-12932927-b750.29)
# Java VM: OpenJDK 64-Bit Server VM (21.0.5+-12932927-b750.29, mixed mode, tiered, compressed oops, compressed class ptrs, g1 gc, windows-amd64)
GC Precious Log:
 CardTable entry size: 512
 Card Set container configuration: InlinePtr #cards 5 size 8 Array Of Cards #cards 12 size 40 Howl #buckets 4 coarsen threshold 1843 Howl Bitmap #cards 512 size 80 coarsen threshold 460 Card regions per heap region 1 cards per card region 2048
 CPUs: 12 total, 12 available
 Memory: 15774M
 Large Page Support: Disabled
 NUMA Support: Disabled
 Compressed Oops: Enabled (32-bit)
 Heap Region Size: 1M
 Heap Min Capacity: 8M
 Heap Initial Capacity: 248M
 Heap Max Capacity: 2G
 Pre-touch: Disabled
 Parallel Workers: 10
 Concurrent Workers: 3
 Concurrent Refinement Workers: 10
 Periodic GC: Disabled
Heap:
 garbage-first heap   total 286720K, used 242555K [0x0000000080000000, 0x0000000100000000)
  region size 1024K, 85 young (87040K), 7 survivors (7168K)
 Metaspace       used 124023K, committed 126208K, reserved 1179648K
  class space    used 16403K, committed 17472K, reserved 1048576K
GC Heap History (20 events):
Event: 10.010 GC heap before
{Heap before GC invocations=36 (full 0):
 garbage-first heap   total 165888K, used 148111K [0x0000000080000000, 0x0000000100000000)
  region size 1024K, 54 young (55296K), 6 survivors (6144K)
 Metaspace       used 111105K, committed 113216K, reserved 1179648K
  class space    used 15070K, committed 16128K, reserved 1048576K
}
Event: 10.016 GC heap after
{Heap after GC invocations=37 (full 0):
 garbage-first heap   total 165888K, used 105205K [0x0000000080000000, 0x0000000100000000)
  region size 1024K, 7 young (7168K), 7 survivors (7168K)
 Metaspace       used 111105K, committed 113216K, reserved 1179648K
  class space    used 15070K, committed 16128K, reserved 1048576K
}
Event: 10.033 GC heap before
{Heap before GC invocations=37 (full 0):
 garbage-first heap   total 165888K, used 107253K [0x0000000080000000, 0x0000000100000000)
  region size 1024K, 10 young (10240K), 7 survivors (7168K)
 Metaspace       used 111237K, committed 113408K, reserved 1179648K
  class space    used 15086K, committed 16192K, reserved 1048576K
}
Event: 10.036 GC heap after
{Heap after GC invocations=38 (full 0):
 garbage-first heap   total 165888K, used 107604K [0x0000000080000000, 0x0000000100000000)
  region size 1024K, 2 young (2048K), 2 survivors (2048K)
 Metaspace       used 111237K, committed 113408K, reserved 1179648K
  class space    used 15086K, committed 16192K, reserved 1048576K
}
Event: 10.713 GC heap before
{Heap before GC invocations=39 (full 0):
 garbage-first heap   total 189440K, used 156756K [0x0000000080000000, 0x0000000100000000)
  region size 1024K, 46 young (47104K), 2 survivors (2048K)
 Metaspace       used 114510K, committed 116672K, reserved 1179648K
  class space    used 15436K, committed 16512K, reserved 1048576K
}
Event: 10.716 GC heap after
{Heap after GC invocations=40 (full 0):
 garbage-first heap   total 227328K, used 111940K [0x0000000080000000, 0x0000000100000000)
  region size 1024K, 6 young (6144K), 6 survivors (6144K)
 Metaspace       used 114510K, committed 116672K, reserved 1179648K
  class space    used 15436K, committed 16512K, reserved 1048576K
}
Event: 11.481 GC heap before
{Heap before GC invocations=40 (full 0):
 garbage-first heap   total 227328K, used 207172K [0x0000000080000000, 0x0000000100000000)
  region size 1024K, 100 young (102400K), 6 survivors (6144K)
 Metaspace       used 116572K, committed 118656K, reserved 1179648K
  class space    used 15679K, committed 16704K, reserved 1048576K
}
Event: 11.486 GC heap after
{Heap after GC invocations=41 (full 0):
 garbage-first heap   total 227328K, used 116228K [0x0000000080000000, 0x0000000100000000)
  region size 1024K, 12 young (12288K), 12 survivors (12288K)
 Metaspace       used 116572K, committed 118656K, reserved 1179648K
  class space    used 15679K, committed 16704K, reserved 1048576K
}
Event: 11.792 GC heap before
{Heap before GC invocations=41 (full 0):
 garbage-first heap   total 227328K, used 168452K [0x0000000080000000, 0x0000000100000000)
  region size 1024K, 65 young (66560K), 12 survivors (12288K)
 Metaspace       used 116799K, committed 118912K, reserved 1179648K
  class space    used 15680K, committed 16704K, reserved 1048576K
}
Event: 11.800 GC heap after
{Heap after GC invocations=42 (full 0):
 garbage-first heap   total 227328K, used 133029K [0x0000000080000000, 0x0000000100000000)
  region size 1024K, 12 young (12288K), 12 survivors (12288K)
 Metaspace       used 116799K, committed 118912K, reserved 1179648K
  class space    used 15680K, committed 16704K, reserved 1048576K
}
Event: 12.248 GC heap before
{Heap before GC invocations=43 (full 0):
 garbage-first heap   total 237568K, used 214949K [0x0000000080000000, 0x0000000100000000)
  region size 1024K, 76 young (77824K), 12 survivors (12288K)
 Metaspace       used 117468K, committed 119616K, reserved 1179648K
  class space    used 15740K, committed 16832K, reserved 1048576K
}
Event: 12.259 GC heap after
{Heap after GC invocations=44 (full 0):
 garbage-first heap   total 247808K, used 155648K [0x0000000080000000, 0x0000000100000000)
  region size 1024K, 10 young (10240K), 10 survivors (10240K)
 Metaspace       used 117468K, committed 119616K, reserved 1179648K
  class space    used 15740K, committed 16832K, reserved 1048576K
}
Event: 12.621 GC heap before
{Heap before GC invocations=44 (full 0):
 garbage-first heap   total 247808K, used 239616K [0x0000000080000000, 0x0000000100000000)
  region size 1024K, 67 young (68608K), 10 survivors (10240K)
 Metaspace       used 117985K, committed 120192K, reserved 1179648K
  class space    used 15794K, committed 16896K, reserved 1048576K
}
Event: 12.629 GC heap after
{Heap after GC invocations=45 (full 0):
 garbage-first heap   total 260096K, used 162162K [0x0000000080000000, 0x0000000100000000)
  region size 1024K, 6 young (6144K), 6 survivors (6144K)
 Metaspace       used 117985K, committed 120192K, reserved 1179648K
  class space    used 15794K, committed 16896K, reserved 1048576K
}
Event: 12.778 GC heap before
{Heap before GC invocations=45 (full 0):
 garbage-first heap   total 260096K, used 223602K [0x0000000080000000, 0x0000000100000000)
  region size 1024K, 67 young (68608K), 6 survivors (6144K)
 Metaspace       used 121051K, committed 123264K, reserved 1179648K
  class space    used 16091K, committed 17216K, reserved 1048576K
}
Event: 12.784 GC heap after
{Heap after GC invocations=46 (full 0):
 garbage-first heap   total 260096K, used 171822K [0x0000000080000000, 0x0000000100000000)
  region size 1024K, 9 young (9216K), 9 survivors (9216K)
 Metaspace       used 121051K, committed 123264K, reserved 1179648K
  class space    used 16091K, committed 17216K, reserved 1048576K
}
Event: 13.028 GC heap before
{Heap before GC invocations=47 (full 0):
 garbage-first heap   total 286720K, used 231214K [0x0000000080000000, 0x0000000100000000)
  region size 1024K, 67 young (68608K), 9 survivors (9216K)
 Metaspace       used 121422K, committed 123584K, reserved 1179648K
  class space    used 16129K, committed 17216K, reserved 1048576K
}
Event: 13.032 GC heap after
{Heap after GC invocations=48 (full 0):
 garbage-first heap   total 286720K, used 174080K [0x0000000080000000, 0x0000000100000000)
  region size 1024K, 3 young (3072K), 3 survivors (3072K)
 Metaspace       used 121422K, committed 123584K, reserved 1179648K
  class space    used 16129K, committed 17216K, reserved 1048576K
}
Event: 13.166 GC heap before
{Heap before GC invocations=48 (full 0):
 garbage-first heap   total 286720K, used 250880K [0x0000000080000000, 0x0000000100000000)
  region size 1024K, 77 young (78848K), 3 survivors (3072K)
 Metaspace       used 122675K, committed 124864K, reserved 1179648K
  class space    used 16259K, committed 17344K, reserved 1048576K
}
Event: 13.172 GC heap after
{Heap after GC invocations=49 (full 0):
 garbage-first heap   total 286720K, used 164731K [0x0000000080000000, 0x0000000100000000)
  region size 1024K, 7 young (7168K), 7 survivors (7168K)
 Metaspace       used 122675K, committed 124864K, reserved 1179648K
  class space    used 16259K, committed 17344K, reserved 1048576K
}

