# JRE version: OpenJDK Runtime Environment (21.0.5) (build 21.0.5+-12932927-b750.29)
# Java VM: OpenJDK 64-Bit Server VM (21.0.5+-12932927-b750.29, mixed mode, tiered, compressed oops, compressed class ptrs, g1 gc, windows-amd64)
GC Precious Log:
 CardTable entry size: 512
 Card Set container configuration: InlinePtr #cards 5 size 8 Array Of Cards #cards 12 size 40 Howl #buckets 4 coarsen threshold 1843 Howl Bitmap #cards 512 size 80 coarsen threshold 460 Card regions per heap region 1 cards per card region 2048
 CPUs: 12 total, 12 available
 Memory: 15774M
 Large Page Support: Disabled
 NUMA Support: Disabled
 Compressed Oops: Enabled (32-bit)
 Heap Region Size: 1M
 Heap Min Capacity: 8M
 Heap Initial Capacity: 248M
 Heap Max Capacity: 2G
 Pre-touch: Disabled
 Parallel Workers: 10
 Concurrent Workers: 3
 Concurrent Refinement Workers: 10
 Periodic GC: Disabled
Heap:
 garbage-first heap   total 165888K, used 120638K [0x0000000080000000, 0x0000000100000000)
  region size 1024K, 27 young (27648K), 6 survivors (6144K)
 Metaspace       used 109564K, committed 111680K, reserved 1179648K
  class space    used 14918K, committed 16000K, reserved 1048576K
GC Heap History (20 events):
Event: 6.517 GC heap before
{Heap before GC invocations=23 (full 0):
 garbage-first heap   total 141312K, used 132712K [0x0000000080000000, 0x0000000100000000)
  region size 1024K, 57 young (58368K), 4 survivors (4096K)
 Metaspace       used 80704K, committed 82560K, reserved 1179648K
  class space    used 10811K, committed 11776K, reserved 1048576K
}
Event: 6.521 GC heap after
{Heap after GC invocations=24 (full 0):
 garbage-first heap   total 142336K, used 79495K [0x0000000080000000, 0x0000000100000000)
  region size 1024K, 8 young (8192K), 8 survivors (8192K)
 Metaspace       used 80704K, committed 82560K, reserved 1179648K
  class space    used 10811K, committed 11776K, reserved 1048576K
}
Event: 6.924 GC heap before
{Heap before GC invocations=24 (full 0):
 garbage-first heap   total 142336K, used 125575K [0x0000000080000000, 0x0000000100000000)
  region size 1024K, 53 young (54272K), 8 survivors (8192K)
 Metaspace       used 85191K, committed 87040K, reserved 1179648K
  class space    used 11391K, committed 12352K, reserved 1048576K
}
Event: 6.927 GC heap after
{Heap after GC invocations=25 (full 0):
 garbage-first heap   total 142336K, used 81545K [0x0000000080000000, 0x0000000100000000)
  region size 1024K, 3 young (3072K), 3 survivors (3072K)
 Metaspace       used 85191K, committed 87040K, reserved 1179648K
  class space    used 11391K, committed 12352K, reserved 1048576K
}
Event: 7.284 GC heap before
{Heap before GC invocations=25 (full 0):
 garbage-first heap   total 142336K, used 127625K [0x0000000080000000, 0x0000000100000000)
  region size 1024K, 49 young (50176K), 3 survivors (3072K)
 Metaspace       used 89079K, committed 90944K, reserved 1179648K
  class space    used 11892K, committed 12800K, reserved 1048576K
}
Event: 7.287 GC heap after
{Heap after GC invocations=26 (full 0):
 garbage-first heap   total 142336K, used 82902K [0x0000000080000000, 0x0000000100000000)
  region size 1024K, 4 young (4096K), 4 survivors (4096K)
 Metaspace       used 89079K, committed 90944K, reserved 1179648K
  class space    used 11892K, committed 12800K, reserved 1048576K
}
Event: 7.563 GC heap before
{Heap before GC invocations=27 (full 0):
 garbage-first heap   total 143360K, used 133054K [0x0000000080000000, 0x0000000100000000)
  region size 1024K, 50 young (51200K), 4 survivors (4096K)
 Metaspace       used 90410K, committed 92416K, reserved 1179648K
  class space    used 12090K, committed 13120K, reserved 1048576K
}
Event: 7.567 GC heap after
{Heap after GC invocations=28 (full 0):
 garbage-first heap   total 143360K, used 91467K [0x0000000080000000, 0x0000000100000000)
  region size 1024K, 7 young (7168K), 7 survivors (7168K)
 Metaspace       used 90410K, committed 92416K, reserved 1179648K
  class space    used 12090K, committed 13120K, reserved 1048576K
}
Event: 7.840 GC heap before
{Heap before GC invocations=28 (full 0):
 garbage-first heap   total 143360K, used 128331K [0x0000000080000000, 0x0000000100000000)
  region size 1024K, 43 young (44032K), 7 survivors (7168K)
 Metaspace       used 93403K, committed 95424K, reserved 1179648K
  class space    used 12487K, committed 13504K, reserved 1048576K
}
Event: 7.844 GC heap after
{Heap after GC invocations=29 (full 0):
 garbage-first heap   total 143360K, used 92690K [0x0000000080000000, 0x0000000100000000)
  region size 1024K, 2 young (2048K), 2 survivors (2048K)
 Metaspace       used 93403K, committed 95424K, reserved 1179648K
  class space    used 12487K, committed 13504K, reserved 1048576K
}
Event: 7.880 GC heap before
{Heap before GC invocations=29 (full 0):
 garbage-first heap   total 143360K, used 96786K [0x0000000080000000, 0x0000000100000000)
  region size 1024K, 7 young (7168K), 2 survivors (2048K)
 Metaspace       used 93724K, committed 95744K, reserved 1179648K
  class space    used 12526K, committed 13568K, reserved 1048576K
}
Event: 7.882 GC heap after
{Heap after GC invocations=30 (full 0):
 garbage-first heap   total 143360K, used 92804K [0x0000000080000000, 0x0000000100000000)
  region size 1024K, 3 young (3072K), 3 survivors (3072K)
 Metaspace       used 93724K, committed 95744K, reserved 1179648K
  class space    used 12526K, committed 13568K, reserved 1048576K
}
Event: 8.211 GC heap before
{Heap before GC invocations=31 (full 0):
 garbage-first heap   total 158720K, used 130692K [0x0000000080000000, 0x0000000100000000)
  region size 1024K, 39 young (39936K), 3 survivors (3072K)
 Metaspace       used 96683K, committed 98688K, reserved 1179648K
  class space    used 13055K, committed 14080K, reserved 1048576K
}
Event: 8.213 GC heap after
{Heap after GC invocations=32 (full 0):
 garbage-first heap   total 158720K, used 93298K [0x0000000080000000, 0x0000000100000000)
  region size 1024K, 3 young (3072K), 3 survivors (3072K)
 Metaspace       used 96683K, committed 98688K, reserved 1179648K
  class space    used 13055K, committed 14080K, reserved 1048576K
}
Event: 8.598 GC heap before
{Heap before GC invocations=32 (full 0):
 garbage-first heap   total 158720K, used 145522K [0x0000000080000000, 0x0000000100000000)
  region size 1024K, 54 young (55296K), 3 survivors (3072K)
 Metaspace       used 100473K, committed 102592K, reserved 1179648K
  class space    used 13637K, committed 14720K, reserved 1048576K
}
Event: 8.602 GC heap after
{Heap after GC invocations=33 (full 0):
 garbage-first heap   total 158720K, used 94854K [0x0000000080000000, 0x0000000100000000)
  region size 1024K, 6 young (6144K), 6 survivors (6144K)
 Metaspace       used 100473K, committed 102592K, reserved 1179648K
  class space    used 13637K, committed 14720K, reserved 1048576K
}
Event: 9.007 GC heap before
{Heap before GC invocations=33 (full 0):
 garbage-first heap   total 158720K, used 141958K [0x0000000080000000, 0x0000000100000000)
  region size 1024K, 52 young (53248K), 6 survivors (6144K)
 Metaspace       used 104118K, committed 106304K, reserved 1179648K
  class space    used 14133K, committed 15232K, reserved 1048576K
}
Event: 9.011 GC heap after
{Heap after GC invocations=34 (full 0):
 garbage-first heap   total 158720K, used 98322K [0x0000000080000000, 0x0000000100000000)
  region size 1024K, 7 young (7168K), 7 survivors (7168K)
 Metaspace       used 104118K, committed 106304K, reserved 1179648K
  class space    used 14133K, committed 15232K, reserved 1048576K
}
Event: 9.468 GC heap before
{Heap before GC invocations=35 (full 0):
 garbage-first heap   total 165888K, used 141330K [0x0000000080000000, 0x0000000100000000)
  region size 1024K, 49 young (50176K), 7 survivors (7168K)
 Metaspace       used 108270K, committed 110464K, reserved 1179648K
  class space    used 14745K, committed 15872K, reserved 1048576K
}
Event: 9.472 GC heap after
{Heap after GC invocations=36 (full 0):
 garbage-first heap   total 165888K, used 100158K [0x0000000080000000, 0x0000000100000000)
  region size 1024K, 6 young (6144K), 6 survivors (6144K)
 Metaspace       used 108270K, committed 110464K, reserved 1179648K
  class space    used 14745K, committed 15872K, reserved 1048576K
}

