# JRE version: OpenJDK Runtime Environment (21.0.5) (build 21.0.5+-12932927-b750.29)
# Java VM: OpenJDK 64-Bit Server VM (21.0.5+-12932927-b750.29, mixed mode, tiered, compressed oops, compressed class ptrs, g1 gc, windows-amd64)
GC Precious Log:
 CardTable entry size: 512
 Card Set container configuration: InlinePtr #cards 5 size 8 Array Of Cards #cards 12 size 40 Howl #buckets 4 coarsen threshold 1843 Howl Bitmap #cards 512 size 80 coarsen threshold 460 Card regions per heap region 1 cards per card region 2048
 CPUs: 12 total, 12 available
 Memory: 15774M
 Large Page Support: Disabled
 NUMA Support: Disabled
 Compressed Oops: Enabled (32-bit)
 Heap Region Size: 1M
 Heap Min Capacity: 8M
 Heap Initial Capacity: 248M
 Heap Max Capacity: 2G
 Pre-touch: Disabled
 Parallel Workers: 10
 Concurrent Workers: 3
 Concurrent Refinement Workers: 10
 Periodic GC: Disabled
Heap:
 garbage-first heap   total 176128K, used 132763K [0x0000000080000000, 0x0000000100000000)
  region size 1024K, 31 young (31744K), 7 survivors (7168K)
 Metaspace       used 118223K, committed 120320K, reserved 1179648K
  class space    used 15953K, committed 17024K, reserved 1048576K
GC Heap History (20 events):
Event: 6.733 GC heap before
{Heap before GC invocations=30 (full 0):
 garbage-first heap   total 152576K, used 132915K [0x0000000080000000, 0x0000000100000000)
  region size 1024K, 53 young (54272K), 3 survivors (3072K)
 Metaspace       used 87875K, committed 89728K, reserved 1179648K
  class space    used 11711K, committed 12608K, reserved 1048576K
}
Event: 6.735 GC heap after
{Heap after GC invocations=31 (full 0):
 garbage-first heap   total 152576K, used 84040K [0x0000000080000000, 0x0000000100000000)
  region size 1024K, 5 young (5120K), 5 survivors (5120K)
 Metaspace       used 87875K, committed 89728K, reserved 1179648K
  class space    used 11711K, committed 12608K, reserved 1048576K
}
Event: 6.851 GC heap before
{Heap before GC invocations=31 (full 0):
 garbage-first heap   total 152576K, used 100424K [0x0000000080000000, 0x0000000100000000)
  region size 1024K, 22 young (22528K), 5 survivors (5120K)
 Metaspace       used 89074K, committed 90944K, reserved 1179648K
  class space    used 11873K, committed 12800K, reserved 1048576K
}
Event: 6.853 GC heap after
{Heap after GC invocations=32 (full 0):
 garbage-first heap   total 152576K, used 84424K [0x0000000080000000, 0x0000000100000000)
  region size 1024K, 3 young (3072K), 3 survivors (3072K)
 Metaspace       used 89074K, committed 90944K, reserved 1179648K
  class space    used 11873K, committed 12800K, reserved 1048576K
}
Event: 7.194 GC heap before
{Heap before GC invocations=33 (full 0):
 garbage-first heap   total 152576K, used 142792K [0x0000000080000000, 0x0000000100000000)
  region size 1024K, 57 young (58368K), 3 survivors (3072K)
 Metaspace       used 91105K, committed 92992K, reserved 1179648K
  class space    used 12154K, committed 13056K, reserved 1048576K
}
Event: 7.198 GC heap after
{Heap after GC invocations=34 (full 0):
 garbage-first heap   total 152576K, used 92669K [0x0000000080000000, 0x0000000100000000)
  region size 1024K, 8 young (8192K), 8 survivors (8192K)
 Metaspace       used 91105K, committed 92992K, reserved 1179648K
  class space    used 12154K, committed 13056K, reserved 1048576K
}
Event: 7.492 GC heap before
{Heap before GC invocations=34 (full 0):
 garbage-first heap   total 152576K, used 136701K [0x0000000080000000, 0x0000000100000000)
  region size 1024K, 50 young (51200K), 8 survivors (8192K)
 Metaspace       used 94313K, committed 96256K, reserved 1179648K
  class space    used 12578K, committed 13568K, reserved 1048576K
}
Event: 7.496 GC heap after
{Heap after GC invocations=35 (full 0):
 garbage-first heap   total 152576K, used 94181K [0x0000000080000000, 0x0000000100000000)
  region size 1024K, 3 young (3072K), 3 survivors (3072K)
 Metaspace       used 94313K, committed 96256K, reserved 1179648K
  class space    used 12578K, committed 13568K, reserved 1048576K
}
Event: 7.881 GC heap before
{Heap before GC invocations=35 (full 0):
 garbage-first heap   total 152576K, used 140261K [0x0000000080000000, 0x0000000100000000)
  region size 1024K, 48 young (49152K), 3 survivors (3072K)
 Metaspace       used 98150K, committed 100160K, reserved 1179648K
  class space    used 13289K, committed 14336K, reserved 1048576K
}
Event: 7.883 GC heap after
{Heap after GC invocations=36 (full 0):
 garbage-first heap   total 152576K, used 95097K [0x0000000080000000, 0x0000000100000000)
  region size 1024K, 4 young (4096K), 4 survivors (4096K)
 Metaspace       used 98150K, committed 100160K, reserved 1179648K
  class space    used 13289K, committed 14336K, reserved 1048576K
}
Event: 8.197 GC heap before
{Heap before GC invocations=37 (full 0):
 garbage-first heap   total 160768K, used 138105K [0x0000000080000000, 0x0000000100000000)
  region size 1024K, 46 young (47104K), 4 survivors (4096K)
 Metaspace       used 100912K, committed 103040K, reserved 1179648K
  class space    used 13713K, committed 14784K, reserved 1048576K
}
Event: 8.200 GC heap after
{Heap after GC invocations=38 (full 0):
 garbage-first heap   total 160768K, used 97251K [0x0000000080000000, 0x0000000100000000)
  region size 1024K, 4 young (4096K), 4 survivors (4096K)
 Metaspace       used 100912K, committed 103040K, reserved 1179648K
  class space    used 13713K, committed 14784K, reserved 1048576K
}
Event: 8.562 GC heap before
{Heap before GC invocations=38 (full 0):
 garbage-first heap   total 160768K, used 146403K [0x0000000080000000, 0x0000000100000000)
  region size 1024K, 52 young (53248K), 4 survivors (4096K)
 Metaspace       used 104896K, committed 107008K, reserved 1179648K
  class space    used 14262K, committed 15360K, reserved 1048576K
}
Event: 8.565 GC heap after
{Heap after GC invocations=39 (full 0):
 garbage-first heap   total 160768K, used 99828K [0x0000000080000000, 0x0000000100000000)
  region size 1024K, 7 young (7168K), 7 survivors (7168K)
 Metaspace       used 104896K, committed 107008K, reserved 1179648K
  class space    used 14262K, committed 15360K, reserved 1048576K
}
Event: 8.903 GC heap before
{Heap before GC invocations=39 (full 0):
 garbage-first heap   total 160768K, used 143860K [0x0000000080000000, 0x0000000100000000)
  region size 1024K, 50 young (51200K), 7 survivors (7168K)
 Metaspace       used 109174K, committed 111296K, reserved 1179648K
  class space    used 14842K, committed 15936K, reserved 1048576K
}
Event: 8.907 GC heap after
{Heap after GC invocations=40 (full 0):
 garbage-first heap   total 160768K, used 102159K [0x0000000080000000, 0x0000000100000000)
  region size 1024K, 6 young (6144K), 6 survivors (6144K)
 Metaspace       used 109174K, committed 111296K, reserved 1179648K
  class space    used 14842K, committed 15936K, reserved 1048576K
}
Event: 9.190 GC heap before
{Heap before GC invocations=41 (full 0):
 garbage-first heap   total 173056K, used 144143K [0x0000000080000000, 0x0000000100000000)
  region size 1024K, 47 young (48128K), 6 survivors (6144K)
 Metaspace       used 111221K, committed 113344K, reserved 1179648K
  class space    used 15110K, committed 16192K, reserved 1048576K
}
Event: 9.194 GC heap after
{Heap after GC invocations=42 (full 0):
 garbage-first heap   total 173056K, used 105662K [0x0000000080000000, 0x0000000100000000)
  region size 1024K, 6 young (6144K), 6 survivors (6144K)
 Metaspace       used 111221K, committed 113344K, reserved 1179648K
  class space    used 15110K, committed 16192K, reserved 1048576K
}
Event: 9.555 GC heap before
{Heap before GC invocations=42 (full 0):
 garbage-first heap   total 173056K, used 160958K [0x0000000080000000, 0x0000000100000000)
  region size 1024K, 56 young (57344K), 6 survivors (6144K)
 Metaspace       used 115772K, committed 117824K, reserved 1179648K
  class space    used 15539K, committed 16576K, reserved 1048576K
}
Event: 9.560 GC heap after
{Heap after GC invocations=43 (full 0):
 garbage-first heap   total 176128K, used 110235K [0x0000000080000000, 0x0000000100000000)
  region size 1024K, 7 young (7168K), 7 survivors (7168K)
 Metaspace       used 115772K, committed 117824K, reserved 1179648K
  class space    used 15539K, committed 16576K, reserved 1048576K
}

