# JRE version: OpenJDK Runtime Environment (21.0.5) (build 21.0.5+-12932927-b750.29)
# Java VM: OpenJDK 64-Bit Server VM (21.0.5+-12932927-b750.29, mixed mode, tiered, compressed oops, compressed class ptrs, g1 gc, windows-amd64)
GC Precious Log:
 CardTable entry size: 512
 Card Set container configuration: InlinePtr #cards 5 size 8 Array Of Cards #cards 12 size 40 Howl #buckets 4 coarsen threshold 1843 Howl Bitmap #cards 512 size 80 coarsen threshold 460 Card regions per heap region 1 cards per card region 2048
 CPUs: 12 total, 12 available
 Memory: 15774M
 Large Page Support: Disabled
 NUMA Support: Disabled
 Compressed Oops: Enabled (32-bit)
 Heap Region Size: 1M
 Heap Min Capacity: 8M
 Heap Initial Capacity: 248M
 Heap Max Capacity: 2G
 Pre-touch: Disabled
 Parallel Workers: 10
 Concurrent Workers: 3
 Concurrent Refinement Workers: 10
 Periodic GC: Disabled
Heap:
 garbage-first heap   total 184320K, used 125273K [0x0000000080000000, 0x0000000100000000)
  region size 1024K, 10 young (10240K), 6 survivors (6144K)
 Metaspace       used 125598K, committed 127680K, reserved 1179648K
  class space    used 16616K, committed 17664K, reserved 1048576K
GC Heap History (20 events):
Event: 7.798 GC heap before
{Heap before GC invocations=31 (full 0):
 garbage-first heap   total 147456K, used 108234K [0x0000000080000000, 0x0000000100000000)
  region size 1024K, 21 young (21504K), 4 survivors (4096K)
 Metaspace       used 93645K, committed 95552K, reserved 1179648K
  class space    used 12495K, committed 13504K, reserved 1048576K
}
Event: 7.801 GC heap after
{Heap after GC invocations=32 (full 0):
 garbage-first heap   total 147456K, used 93342K [0x0000000080000000, 0x0000000100000000)
  region size 1024K, 2 young (2048K), 2 survivors (2048K)
 Metaspace       used 93645K, committed 95552K, reserved 1179648K
  class space    used 12495K, committed 13504K, reserved 1048576K
}
Event: 8.169 GC heap before
{Heap before GC invocations=33 (full 0):
 garbage-first heap   total 158720K, used 136350K [0x0000000080000000, 0x0000000100000000)
  region size 1024K, 43 young (44032K), 2 survivors (2048K)
 Metaspace       used 96962K, committed 98944K, reserved 1179648K
  class space    used 13102K, committed 14144K, reserved 1048576K
}
Event: 8.171 GC heap after
{Heap after GC invocations=34 (full 0):
 garbage-first heap   total 158720K, used 93830K [0x0000000080000000, 0x0000000100000000)
  region size 1024K, 2 young (2048K), 2 survivors (2048K)
 Metaspace       used 96962K, committed 98944K, reserved 1179648K
  class space    used 13102K, committed 14144K, reserved 1048576K
}
Event: 8.561 GC heap before
{Heap before GC invocations=34 (full 0):
 garbage-first heap   total 158720K, used 147078K [0x0000000080000000, 0x0000000100000000)
  region size 1024K, 54 young (55296K), 2 survivors (2048K)
 Metaspace       used 100824K, committed 102912K, reserved 1179648K
  class space    used 13658K, committed 14720K, reserved 1048576K
}
Event: 8.564 GC heap after
{Heap after GC invocations=35 (full 0):
 garbage-first heap   total 158720K, used 95629K [0x0000000080000000, 0x0000000100000000)
  region size 1024K, 5 young (5120K), 5 survivors (5120K)
 Metaspace       used 100824K, committed 102912K, reserved 1179648K
  class space    used 13658K, committed 14720K, reserved 1048576K
}
Event: 8.857 GC heap before
{Heap before GC invocations=35 (full 0):
 garbage-first heap   total 158720K, used 130445K [0x0000000080000000, 0x0000000100000000)
  region size 1024K, 41 young (41984K), 5 survivors (5120K)
 Metaspace       used 103575K, committed 105664K, reserved 1179648K
  class space    used 13983K, committed 15040K, reserved 1048576K
}
Event: 8.862 GC heap after
{Heap after GC invocations=36 (full 0):
 garbage-first heap   total 158720K, used 100903K [0x0000000080000000, 0x0000000100000000)
  region size 1024K, 7 young (7168K), 7 survivors (7168K)
 Metaspace       used 103575K, committed 105664K, reserved 1179648K
  class space    used 13983K, committed 15040K, reserved 1048576K
}
Event: 9.970 GC heap before
{Heap before GC invocations=37 (full 0):
 garbage-first heap   total 178176K, used 144935K [0x0000000080000000, 0x0000000100000000)
  region size 1024K, 46 young (47104K), 7 survivors (7168K)
 Metaspace       used 107894K, committed 110016K, reserved 1179648K
  class space    used 14518K, committed 15552K, reserved 1048576K
}
Event: 9.974 GC heap after
{Heap after GC invocations=38 (full 0):
 garbage-first heap   total 178176K, used 102997K [0x0000000080000000, 0x0000000100000000)
  region size 1024K, 2 young (2048K), 2 survivors (2048K)
 Metaspace       used 107894K, committed 110016K, reserved 1179648K
  class space    used 14518K, committed 15552K, reserved 1048576K
}
Event: 76.151 GC heap before
{Heap before GC invocations=38 (full 0):
 garbage-first heap   total 178176K, used 164437K [0x0000000080000000, 0x0000000100000000)
  region size 1024K, 63 young (64512K), 2 survivors (2048K)
 Metaspace       used 112260K, committed 114368K, reserved 1179648K
  class space    used 14880K, committed 15936K, reserved 1048576K
}
Event: 76.155 GC heap after
{Heap after GC invocations=39 (full 0):
 garbage-first heap   total 178176K, used 104855K [0x0000000080000000, 0x0000000100000000)
  region size 1024K, 5 young (5120K), 5 survivors (5120K)
 Metaspace       used 112260K, committed 114368K, reserved 1179648K
  class space    used 14880K, committed 15936K, reserved 1048576K
}
Event: 76.570 GC heap before
{Heap before GC invocations=39 (full 0):
 garbage-first heap   total 178176K, used 162199K [0x0000000080000000, 0x0000000100000000)
  region size 1024K, 61 young (62464K), 5 survivors (5120K)
 Metaspace       used 114317K, committed 116480K, reserved 1179648K
  class space    used 15092K, committed 16192K, reserved 1048576K
}
Event: 76.575 GC heap after
{Heap after GC invocations=40 (full 0):
 garbage-first heap   total 178176K, used 110257K [0x0000000080000000, 0x0000000100000000)
  region size 1024K, 8 young (8192K), 8 survivors (8192K)
 Metaspace       used 114317K, committed 116480K, reserved 1179648K
  class space    used 15092K, committed 16192K, reserved 1048576K
}
Event: 76.968 GC heap before
{Heap before GC invocations=41 (full 0):
 garbage-first heap   total 184320K, used 160433K [0x0000000080000000, 0x0000000100000000)
  region size 1024K, 57 young (58368K), 8 survivors (8192K)
 Metaspace       used 119146K, committed 121280K, reserved 1179648K
  class space    used 15769K, committed 16832K, reserved 1048576K
}
Event: 76.972 GC heap after
{Heap after GC invocations=42 (full 0):
 garbage-first heap   total 184320K, used 113288K [0x0000000080000000, 0x0000000100000000)
  region size 1024K, 4 young (4096K), 4 survivors (4096K)
 Metaspace       used 119146K, committed 121280K, reserved 1179648K
  class space    used 15769K, committed 16832K, reserved 1048576K
}
Event: 77.360 GC heap before
{Heap before GC invocations=42 (full 0):
 garbage-first heap   total 184320K, used 169608K [0x0000000080000000, 0x0000000100000000)
  region size 1024K, 59 young (60416K), 4 survivors (4096K)
 Metaspace       used 122741K, committed 124864K, reserved 1179648K
  class space    used 16220K, committed 17280K, reserved 1048576K
}
Event: 77.364 GC heap after
{Heap after GC invocations=43 (full 0):
 garbage-first heap   total 184320K, used 117006K [0x0000000080000000, 0x0000000100000000)
  region size 1024K, 7 young (7168K), 7 survivors (7168K)
 Metaspace       used 122741K, committed 124864K, reserved 1179648K
  class space    used 16220K, committed 17280K, reserved 1048576K
}
Event: 77.854 GC heap before
{Heap before GC invocations=43 (full 0):
 garbage-first heap   total 184320K, used 166158K [0x0000000080000000, 0x0000000100000000)
  region size 1024K, 56 young (57344K), 7 survivors (7168K)
 Metaspace       used 125593K, committed 127680K, reserved 1179648K
  class space    used 16616K, committed 17664K, reserved 1048576K
}
Event: 77.860 GC heap after
{Heap after GC invocations=44 (full 0):
 garbage-first heap   total 184320K, used 122201K [0x0000000080000000, 0x0000000100000000)
  region size 1024K, 6 young (6144K), 6 survivors (6144K)
 Metaspace       used 125593K, committed 127680K, reserved 1179648K
  class space    used 16616K, committed 17664K, reserved 1048576K
}

