# JRE version: OpenJDK Runtime Environment (21.0.5) (build 21.0.5+-12932927-b750.29)
# Java VM: OpenJDK 64-Bit Server VM (21.0.5+-12932927-b750.29, mixed mode, tiered, compressed oops, compressed class ptrs, g1 gc, windows-amd64)
GC Precious Log:
 CardTable entry size: 512
 Card Set container configuration: InlinePtr #cards 5 size 8 Array Of Cards #cards 12 size 40 Howl #buckets 4 coarsen threshold 1843 Howl Bitmap #cards 512 size 80 coarsen threshold 460 Card regions per heap region 1 cards per card region 2048
 CPUs: 12 total, 12 available
 Memory: 15774M
 Large Page Support: Disabled
 NUMA Support: Disabled
 Compressed Oops: Enabled (32-bit)
 Heap Region Size: 1M
 Heap Min Capacity: 8M
 Heap Initial Capacity: 248M
 Heap Max Capacity: 2G
 Pre-touch: Disabled
 Parallel Workers: 10
 Concurrent Workers: 3
 Concurrent Refinement Workers: 10
 Periodic GC: Disabled
Heap:
 garbage-first heap   total 373760K, used 233138K [0x0000000080000000, 0x0000000100000000)
  region size 1024K, 6 young (6144K), 6 survivors (6144K)
 Metaspace       used 135360K, committed 137664K, reserved 1179648K
  class space    used 17989K, committed 19136K, reserved 1048576K
GC Heap History (20 events):
Event: 27.680 GC heap after
{Heap after GC invocations=49 (full 0):
 garbage-first heap   total 227328K, used 131236K [0x0000000080000000, 0x0000000100000000)
  region size 1024K, 9 young (9216K), 9 survivors (9216K)
 Metaspace       used 123074K, committed 125248K, reserved 1179648K
  class space    used 16304K, committed 17408K, reserved 1048576K
}
Event: 28.118 GC heap before
{Heap before GC invocations=49 (full 0):
 garbage-first heap   total 227328K, used 204964K [0x0000000080000000, 0x0000000100000000)
  region size 1024K, 81 young (82944K), 9 survivors (9216K)
 Metaspace       used 124515K, committed 126720K, reserved 1179648K
  class space    used 16424K, committed 17536K, reserved 1048576K
}
Event: 28.125 GC heap after
{Heap after GC invocations=50 (full 0):
 garbage-first heap   total 227328K, used 138601K [0x0000000080000000, 0x0000000100000000)
  region size 1024K, 11 young (11264K), 11 survivors (11264K)
 Metaspace       used 124515K, committed 126720K, reserved 1179648K
  class space    used 16424K, committed 17536K, reserved 1048576K
}
Event: 28.498 GC heap before
{Heap before GC invocations=51 (full 0):
 garbage-first heap   total 232448K, used 202089K [0x0000000080000000, 0x0000000100000000)
  region size 1024K, 74 young (75776K), 11 survivors (11264K)
 Metaspace       used 127364K, committed 129600K, reserved 1179648K
  class space    used 16779K, committed 17920K, reserved 1048576K
}
Event: 28.504 GC heap after
{Heap after GC invocations=52 (full 0):
 garbage-first heap   total 232448K, used 145277K [0x0000000080000000, 0x0000000100000000)
  region size 1024K, 7 young (7168K), 7 survivors (7168K)
 Metaspace       used 127364K, committed 129600K, reserved 1179648K
  class space    used 16779K, committed 17920K, reserved 1048576K
}
Event: 28.866 GC heap before
{Heap before GC invocations=52 (full 0):
 garbage-first heap   total 232448K, used 210813K [0x0000000080000000, 0x0000000100000000)
  region size 1024K, 72 young (73728K), 7 survivors (7168K)
 Metaspace       used 129440K, committed 131584K, reserved 1179648K
  class space    used 17065K, committed 18176K, reserved 1048576K
}
Event: 28.874 GC heap after
{Heap after GC invocations=53 (full 0):
 garbage-first heap   total 232448K, used 154127K [0x0000000080000000, 0x0000000100000000)
  region size 1024K, 9 young (9216K), 9 survivors (9216K)
 Metaspace       used 129440K, committed 131584K, reserved 1179648K
  class space    used 17065K, committed 18176K, reserved 1048576K
}
Event: 28.901 GC heap before
{Heap before GC invocations=53 (full 0):
 garbage-first heap   total 232448K, used 209423K [0x0000000080000000, 0x0000000100000000)
  region size 1024K, 64 young (65536K), 9 survivors (9216K)
 Metaspace       used 129499K, committed 131648K, reserved 1179648K
  class space    used 17068K, committed 18176K, reserved 1048576K
}
Event: 28.908 GC heap after
{Heap after GC invocations=54 (full 0):
 garbage-first heap   total 280576K, used 167081K [0x0000000080000000, 0x0000000100000000)
  region size 1024K, 8 young (8192K), 8 survivors (8192K)
 Metaspace       used 129499K, committed 131648K, reserved 1179648K
  class space    used 17068K, committed 18176K, reserved 1048576K
}
Event: 28.994 GC heap before
{Heap before GC invocations=54 (full 0):
 garbage-first heap   total 280576K, used 249001K [0x0000000080000000, 0x0000000100000000)
  region size 1024K, 89 young (91136K), 8 survivors (8192K)
 Metaspace       used 129828K, committed 132032K, reserved 1179648K
  class space    used 17111K, committed 18240K, reserved 1048576K
}
Event: 28.999 GC heap after
{Heap after GC invocations=55 (full 0):
 garbage-first heap   total 280576K, used 184196K [0x0000000080000000, 0x0000000100000000)
  region size 1024K, 12 young (12288K), 12 survivors (12288K)
 Metaspace       used 129828K, committed 132032K, reserved 1179648K
  class space    used 17111K, committed 18240K, reserved 1048576K
}
Event: 29.307 GC heap before
{Heap before GC invocations=56 (full 0):
 garbage-first heap   total 280576K, used 250756K [0x0000000080000000, 0x0000000100000000)
  region size 1024K, 78 young (79872K), 12 survivors (12288K)
 Metaspace       used 133941K, committed 136128K, reserved 1179648K
  class space    used 17797K, committed 18880K, reserved 1048576K
}
Event: 29.313 GC heap after
{Heap after GC invocations=57 (full 0):
 garbage-first heap   total 280576K, used 196483K [0x0000000080000000, 0x0000000100000000)
  region size 1024K, 10 young (10240K), 10 survivors (10240K)
 Metaspace       used 133941K, committed 136128K, reserved 1179648K
  class space    used 17797K, committed 18880K, reserved 1048576K
}
Event: 29.510 GC heap before
{Heap before GC invocations=57 (full 0):
 garbage-first heap   total 280576K, used 254851K [0x0000000080000000, 0x0000000100000000)
  region size 1024K, 67 young (68608K), 10 survivors (10240K)
 Metaspace       used 134244K, committed 136512K, reserved 1179648K
  class space    used 17810K, committed 18944K, reserved 1048576K
}
Event: 29.525 GC heap after
{Heap after GC invocations=58 (full 0):
 garbage-first heap   total 288768K, used 199129K [0x0000000080000000, 0x0000000100000000)
  region size 1024K, 9 young (9216K), 9 survivors (9216K)
 Metaspace       used 134244K, committed 136512K, reserved 1179648K
  class space    used 17810K, committed 18944K, reserved 1048576K
}
Event: 29.575 GC heap before
{Heap before GC invocations=58 (full 0):
 garbage-first heap   total 288768K, used 257497K [0x0000000080000000, 0x0000000100000000)
  region size 1024K, 67 young (68608K), 9 survivors (9216K)
 Metaspace       used 134667K, committed 136896K, reserved 1179648K
  class space    used 17865K, committed 19008K, reserved 1048576K
}
Event: 29.586 GC heap after
{Heap after GC invocations=59 (full 0):
 garbage-first heap   total 288768K, used 212992K [0x0000000080000000, 0x0000000100000000)
  region size 1024K, 9 young (9216K), 9 survivors (9216K)
 Metaspace       used 134667K, committed 136896K, reserved 1179648K
  class space    used 17865K, committed 19008K, reserved 1048576K
}
Event: 29.640 GC heap before
{Heap before GC invocations=59 (full 0):
 garbage-first heap   total 288768K, used 263168K [0x0000000080000000, 0x0000000100000000)
  region size 1024K, 58 young (59392K), 9 survivors (9216K)
 Metaspace       used 135088K, committed 137344K, reserved 1179648K
  class space    used 17940K, committed 19072K, reserved 1048576K
}
Event: 29.652 GC heap after
{Heap after GC invocations=60 (full 0):
 garbage-first heap   total 288768K, used 224256K [0x0000000080000000, 0x0000000100000000)
  region size 1024K, 8 young (8192K), 8 survivors (8192K)
 Metaspace       used 135088K, committed 137344K, reserved 1179648K
  class space    used 17940K, committed 19072K, reserved 1048576K
}
Event: 29.704 GC heap before
{Heap before GC invocations=60 (full 0):
 garbage-first heap   total 373760K, used 263168K [0x0000000080000000, 0x0000000100000000)
  region size 1024K, 46 young (47104K), 8 survivors (8192K)
 Metaspace       used 135360K, committed 137664K, reserved 1179648K
  class space    used 17989K, committed 19136K, reserved 1048576K
}

