# JRE version: OpenJDK Runtime Environment (21.0.5) (build 21.0.5+-12932927-b750.29)
# Java VM: OpenJDK 64-Bit Server VM (21.0.5+-12932927-b750.29, mixed mode, tiered, compressed oops, compressed class ptrs, g1 gc, windows-amd64)
GC Precious Log:
 CardTable entry size: 512
 Card Set container configuration: InlinePtr #cards 5 size 8 Array Of Cards #cards 12 size 40 Howl #buckets 4 coarsen threshold 1843 Howl Bitmap #cards 512 size 80 coarsen threshold 460 Card regions per heap region 1 cards per card region 2048
 CPUs: 12 total, 12 available
 Memory: 15774M
 Large Page Support: Disabled
 NUMA Support: Disabled
 Compressed Oops: Enabled (32-bit)
 Heap Region Size: 1M
 Heap Min Capacity: 8M
 Heap Initial Capacity: 248M
 Heap Max Capacity: 2G
 Pre-touch: Disabled
 Parallel Workers: 10
 Concurrent Workers: 3
 Concurrent Refinement Workers: 10
 Periodic GC: Disabled
Heap:
 garbage-first heap   total 121856K, used 110835K [0x0000000080000000, 0x0000000100000000)
  region size 1024K, 36 young (36864K), 4 survivors (4096K)
 Metaspace       used 80437K, committed 82240K, reserved 1179648K
  class space    used 10754K, committed 11648K, reserved 1048576K
GC Heap History (20 events):
Event: 3.405 GC heap before
{Heap before GC invocations=11 (full 0):
 garbage-first heap   total 89088K, used 76907K [0x0000000080000000, 0x0000000100000000)
  region size 1024K, 46 young (47104K), 4 survivors (4096K)
 Metaspace       used 50499K, committed 51904K, reserved 1114112K
  class space    used 6858K, committed 7552K, reserved 1048576K
}
Event: 3.407 GC heap after
{Heap after GC invocations=12 (full 0):
 garbage-first heap   total 107520K, used 35593K [0x0000000080000000, 0x0000000100000000)
  region size 1024K, 6 young (6144K), 6 survivors (6144K)
 Metaspace       used 50499K, committed 51904K, reserved 1114112K
  class space    used 6858K, committed 7552K, reserved 1048576K
}
Event: 3.909 GC heap before
{Heap before GC invocations=12 (full 0):
 garbage-first heap   total 107520K, used 91913K [0x0000000080000000, 0x0000000100000000)
  region size 1024K, 60 young (61440K), 6 survivors (6144K)
 Metaspace       used 58621K, committed 60096K, reserved 1114112K
  class space    used 7907K, committed 8640K, reserved 1048576K
}
Event: 3.912 GC heap after
{Heap after GC invocations=13 (full 0):
 garbage-first heap   total 107520K, used 38141K [0x0000000080000000, 0x0000000100000000)
  region size 1024K, 6 young (6144K), 6 survivors (6144K)
 Metaspace       used 58621K, committed 60096K, reserved 1114112K
  class space    used 7907K, committed 8640K, reserved 1048576K
}
Event: 4.557 GC heap before
{Heap before GC invocations=14 (full 0):
 garbage-first heap   total 107520K, used 94461K [0x0000000080000000, 0x0000000100000000)
  region size 1024K, 61 young (62464K), 6 survivors (6144K)
 Metaspace       used 65110K, committed 66752K, reserved 1114112K
  class space    used 8907K, committed 9728K, reserved 1048576K
}
Event: 4.561 GC heap after
{Heap after GC invocations=15 (full 0):
 garbage-first heap   total 107520K, used 43491K [0x0000000080000000, 0x0000000100000000)
  region size 1024K, 8 young (8192K), 8 survivors (8192K)
 Metaspace       used 65110K, committed 66752K, reserved 1114112K
  class space    used 8907K, committed 9728K, reserved 1048576K
}
Event: 4.802 GC heap before
{Heap before GC invocations=15 (full 0):
 garbage-first heap   total 107520K, used 91619K [0x0000000080000000, 0x0000000100000000)
  region size 1024K, 56 young (57344K), 8 survivors (8192K)
 Metaspace       used 66130K, committed 67776K, reserved 1114112K
  class space    used 9023K, committed 9856K, reserved 1048576K
}
Event: 4.808 GC heap after
{Heap after GC invocations=16 (full 0):
 garbage-first heap   total 107520K, used 47250K [0x0000000080000000, 0x0000000100000000)
  region size 1024K, 6 young (6144K), 6 survivors (6144K)
 Metaspace       used 66130K, committed 67776K, reserved 1114112K
  class space    used 9023K, committed 9856K, reserved 1048576K
}
Event: 4.910 GC heap before
{Heap before GC invocations=16 (full 0):
 garbage-first heap   total 107520K, used 93330K [0x0000000080000000, 0x0000000100000000)
  region size 1024K, 52 young (53248K), 6 survivors (6144K)
 Metaspace       used 66560K, committed 68224K, reserved 1114112K
  class space    used 9050K, committed 9856K, reserved 1048576K
}
Event: 4.912 GC heap after
{Heap after GC invocations=17 (full 0):
 garbage-first heap   total 107520K, used 48622K [0x0000000080000000, 0x0000000100000000)
  region size 1024K, 4 young (4096K), 4 survivors (4096K)
 Metaspace       used 66560K, committed 68224K, reserved 1114112K
  class space    used 9050K, committed 9856K, reserved 1048576K
}
Event: 4.985 GC heap before
{Heap before GC invocations=17 (full 0):
 garbage-first heap   total 107520K, used 94702K [0x0000000080000000, 0x0000000100000000)
  region size 1024K, 50 young (51200K), 4 survivors (4096K)
 Metaspace       used 66678K, committed 68288K, reserved 1114112K
  class space    used 9050K, committed 9856K, reserved 1048576K
}
Event: 4.988 GC heap after
{Heap after GC invocations=18 (full 0):
 garbage-first heap   total 107520K, used 49471K [0x0000000080000000, 0x0000000100000000)
  region size 1024K, 5 young (5120K), 5 survivors (5120K)
 Metaspace       used 66678K, committed 68288K, reserved 1114112K
  class space    used 9050K, committed 9856K, reserved 1048576K
}
Event: 5.277 GC heap before
{Heap before GC invocations=19 (full 0):
 garbage-first heap   total 108544K, used 106815K [0x0000000080000000, 0x0000000100000000)
  region size 1024K, 50 young (51200K), 5 survivors (5120K)
 Metaspace       used 67327K, committed 68992K, reserved 1114112K
  class space    used 9163K, committed 9984K, reserved 1048576K
}
Event: 5.281 GC heap after
{Heap after GC invocations=20 (full 0):
 garbage-first heap   total 119808K, used 66828K [0x0000000080000000, 0x0000000100000000)
  region size 1024K, 7 young (7168K), 7 survivors (7168K)
 Metaspace       used 67327K, committed 68992K, reserved 1114112K
  class space    used 9163K, committed 9984K, reserved 1048576K
}
Event: 5.601 GC heap before
{Heap before GC invocations=20 (full 0):
 garbage-first heap   total 119808K, used 105740K [0x0000000080000000, 0x0000000100000000)
  region size 1024K, 44 young (45056K), 7 survivors (7168K)
 Metaspace       used 70287K, committed 72000K, reserved 1114112K
  class space    used 9536K, committed 10368K, reserved 1048576K
}
Event: 5.604 GC heap after
{Heap after GC invocations=21 (full 0):
 garbage-first heap   total 119808K, used 71586K [0x0000000080000000, 0x0000000100000000)
  region size 1024K, 4 young (4096K), 4 survivors (4096K)
 Metaspace       used 70287K, committed 72000K, reserved 1114112K
  class space    used 9536K, committed 10368K, reserved 1048576K
}
Event: 5.890 GC heap before
{Heap before GC invocations=21 (full 0):
 garbage-first heap   total 119808K, used 105378K [0x0000000080000000, 0x0000000100000000)
  region size 1024K, 38 young (38912K), 4 survivors (4096K)
 Metaspace       used 74203K, committed 75968K, reserved 1114112K
  class space    used 9909K, committed 10816K, reserved 1048576K
}
Event: 5.892 GC heap after
{Heap after GC invocations=22 (full 0):
 garbage-first heap   total 119808K, used 71833K [0x0000000080000000, 0x0000000100000000)
  region size 1024K, 4 young (4096K), 4 survivors (4096K)
 Metaspace       used 74203K, committed 75968K, reserved 1114112K
  class space    used 9909K, committed 10816K, reserved 1048576K
}
Event: 6.198 GC heap before
{Heap before GC invocations=23 (full 0):
 garbage-first heap   total 121856K, used 106649K [0x0000000080000000, 0x0000000100000000)
  region size 1024K, 39 young (39936K), 4 survivors (4096K)
 Metaspace       used 77786K, committed 79552K, reserved 1179648K
  class space    used 10441K, committed 11328K, reserved 1048576K
}
Event: 6.200 GC heap after
{Heap after GC invocations=24 (full 0):
 garbage-first heap   total 121856K, used 73971K [0x0000000080000000, 0x0000000100000000)
  region size 1024K, 4 young (4096K), 4 survivors (4096K)
 Metaspace       used 77786K, committed 79552K, reserved 1179648K
  class space    used 10441K, committed 11328K, reserved 1048576K
}

