# JRE version: OpenJDK Runtime Environment (21.0.5) (build 21.0.5+-12932927-b750.29)
# Java VM: OpenJDK 64-Bit Server VM (21.0.5+-12932927-b750.29, mixed mode, tiered, compressed oops, compressed class ptrs, g1 gc, windows-amd64)
GC Precious Log:
 CardTable entry size: 512
 Card Set container configuration: InlinePtr #cards 5 size 8 Array Of Cards #cards 12 size 40 Howl #buckets 4 coarsen threshold 1843 Howl Bitmap #cards 512 size 80 coarsen threshold 460 Card regions per heap region 1 cards per card region 2048
 CPUs: 12 total, 12 available
 Memory: 15774M
 Large Page Support: Disabled
 NUMA Support: Disabled
 Compressed Oops: Enabled (32-bit)
 Heap Region Size: 1M
 Heap Min Capacity: 8M
 Heap Initial Capacity: 248M
 Heap Max Capacity: 2G
 Pre-touch: Disabled
 Parallel Workers: 10
 Concurrent Workers: 3
 Concurrent Refinement Workers: 10
 Periodic GC: Disabled
Heap:
 garbage-first heap   total 191488K, used 118739K [0x0000000080000000, 0x0000000100000000)
  region size 1024K, 8 young (8192K), 8 survivors (8192K)
 Metaspace       used 117546K, committed 119744K, reserved 1179648K
  class space    used 15874K, committed 16960K, reserved 1048576K
GC Heap History (20 events):
Event: 7.823 GC heap after
{Heap after GC invocations=29 (full 0):
 garbage-first heap   total 143360K, used 91515K [0x0000000080000000, 0x0000000100000000)
  region size 1024K, 3 young (3072K), 3 survivors (3072K)
 Metaspace       used 92948K, committed 94976K, reserved 1179648K
  class space    used 12405K, committed 13440K, reserved 1048576K
}
Event: 7.899 GC heap before
{Heap before GC invocations=29 (full 0):
 garbage-first heap   total 143360K, used 101755K [0x0000000080000000, 0x0000000100000000)
  region size 1024K, 14 young (14336K), 3 survivors (3072K)
 Metaspace       used 93690K, committed 95680K, reserved 1179648K
  class space    used 12508K, committed 13504K, reserved 1048576K
}
Event: 7.901 GC heap after
{Heap after GC invocations=30 (full 0):
 garbage-first heap   total 143360K, used 91888K [0x0000000080000000, 0x0000000100000000)
  region size 1024K, 4 young (4096K), 4 survivors (4096K)
 Metaspace       used 93690K, committed 95680K, reserved 1179648K
  class space    used 12508K, committed 13504K, reserved 1048576K
}
Event: 8.219 GC heap before
{Heap before GC invocations=31 (full 0):
 garbage-first heap   total 157696K, used 129776K [0x0000000080000000, 0x0000000100000000)
  region size 1024K, 40 young (40960K), 4 survivors (4096K)
 Metaspace       used 96643K, committed 98624K, reserved 1179648K
  class space    used 13036K, committed 14080K, reserved 1048576K
}
Event: 8.221 GC heap after
{Heap after GC invocations=32 (full 0):
 garbage-first heap   total 157696K, used 92516K [0x0000000080000000, 0x0000000100000000)
  region size 1024K, 2 young (2048K), 2 survivors (2048K)
 Metaspace       used 96643K, committed 98624K, reserved 1179648K
  class space    used 13036K, committed 14080K, reserved 1048576K
}
Event: 8.632 GC heap before
{Heap before GC invocations=32 (full 0):
 garbage-first heap   total 157696K, used 145764K [0x0000000080000000, 0x0000000100000000)
  region size 1024K, 54 young (55296K), 2 survivors (2048K)
 Metaspace       used 100468K, committed 102592K, reserved 1179648K
  class space    used 13618K, committed 14720K, reserved 1048576K
}
Event: 8.634 GC heap after
{Heap after GC invocations=33 (full 0):
 garbage-first heap   total 157696K, used 94239K [0x0000000080000000, 0x0000000100000000)
  region size 1024K, 4 young (4096K), 4 survivors (4096K)
 Metaspace       used 100468K, committed 102592K, reserved 1179648K
  class space    used 13618K, committed 14720K, reserved 1048576K
}
Event: 9.027 GC heap before
{Heap before GC invocations=33 (full 0):
 garbage-first heap   total 157696K, used 143391K [0x0000000080000000, 0x0000000100000000)
  region size 1024K, 52 young (53248K), 4 survivors (4096K)
 Metaspace       used 104191K, committed 106304K, reserved 1179648K
  class space    used 14150K, committed 15232K, reserved 1048576K
}
Event: 9.030 GC heap after
{Heap after GC invocations=34 (full 0):
 garbage-first heap   total 157696K, used 97721K [0x0000000080000000, 0x0000000100000000)
  region size 1024K, 7 young (7168K), 7 survivors (7168K)
 Metaspace       used 104191K, committed 106304K, reserved 1179648K
  class space    used 14150K, committed 15232K, reserved 1048576K
}
Event: 9.392 GC heap before
{Heap before GC invocations=35 (full 0):
 garbage-first heap   total 163840K, used 141753K [0x0000000080000000, 0x0000000100000000)
  region size 1024K, 50 young (51200K), 7 survivors (7168K)
 Metaspace       used 108415K, committed 110592K, reserved 1179648K
  class space    used 14768K, committed 15872K, reserved 1048576K
}
Event: 9.396 GC heap after
{Heap after GC invocations=36 (full 0):
 garbage-first heap   total 163840K, used 99523K [0x0000000080000000, 0x0000000100000000)
  region size 1024K, 6 young (6144K), 6 survivors (6144K)
 Metaspace       used 108415K, committed 110592K, reserved 1179648K
  class space    used 14768K, committed 15872K, reserved 1048576K
}
Event: 9.755 GC heap before
{Heap before GC invocations=36 (full 0):
 garbage-first heap   total 163840K, used 147651K [0x0000000080000000, 0x0000000100000000)
  region size 1024K, 54 young (55296K), 6 survivors (6144K)
 Metaspace       used 110868K, committed 113024K, reserved 1179648K
  class space    used 15105K, committed 16192K, reserved 1048576K
}
Event: 9.761 GC heap after
{Heap after GC invocations=37 (full 0):
 garbage-first heap   total 163840K, used 104369K [0x0000000080000000, 0x0000000100000000)
  region size 1024K, 7 young (7168K), 7 survivors (7168K)
 Metaspace       used 110868K, committed 113024K, reserved 1179648K
  class space    used 15105K, committed 16192K, reserved 1048576K
}
Event: 9.912 GC heap before
{Heap before GC invocations=37 (full 0):
 garbage-first heap   total 163840K, used 119729K [0x0000000080000000, 0x0000000100000000)
  region size 1024K, 24 young (24576K), 7 survivors (7168K)
 Metaspace       used 112023K, committed 114112K, reserved 1179648K
  class space    used 15190K, committed 16256K, reserved 1048576K
}
Event: 9.917 GC heap after
{Heap after GC invocations=38 (full 0):
 garbage-first heap   total 163840K, used 108091K [0x0000000080000000, 0x0000000100000000)
  region size 1024K, 5 young (5120K), 5 survivors (5120K)
 Metaspace       used 112023K, committed 114112K, reserved 1179648K
  class space    used 15190K, committed 16256K, reserved 1048576K
}
Event: 10.299 GC heap before
{Heap before GC invocations=39 (full 0):
 garbage-first heap   total 191488K, used 151099K [0x0000000080000000, 0x0000000100000000)
  region size 1024K, 43 young (44032K), 5 survivors (5120K)
 Metaspace       used 115244K, committed 117376K, reserved 1179648K
  class space    used 15536K, committed 16640K, reserved 1048576K
}
Event: 10.304 GC heap after
{Heap after GC invocations=40 (full 0):
 garbage-first heap   total 191488K, used 112645K [0x0000000080000000, 0x0000000100000000)
  region size 1024K, 5 young (5120K), 5 survivors (5120K)
 Metaspace       used 115244K, committed 117376K, reserved 1179648K
  class space    used 15536K, committed 16640K, reserved 1048576K
}
Event: 10.421 GC heap before
{Heap before GC invocations=40 (full 0):
 garbage-first heap   total 191488K, used 173061K [0x0000000080000000, 0x0000000100000000)
  region size 1024K, 64 young (65536K), 5 survivors (5120K)
 Metaspace       used 115353K, committed 117568K, reserved 1179648K
  class space    used 15541K, committed 16640K, reserved 1048576K
}
Event: 10.426 GC heap after
{Heap after GC invocations=41 (full 0):
 garbage-first heap   total 191488K, used 115363K [0x0000000080000000, 0x0000000100000000)
  region size 1024K, 4 young (4096K), 4 survivors (4096K)
 Metaspace       used 115353K, committed 117568K, reserved 1179648K
  class space    used 15541K, committed 16640K, reserved 1048576K
}
Event: 10.713 GC heap before
{Heap before GC invocations=41 (full 0):
 garbage-first heap   total 191488K, used 173731K [0x0000000080000000, 0x0000000100000000)
  region size 1024K, 62 young (63488K), 4 survivors (4096K)
 Metaspace       used 117546K, committed 119744K, reserved 1179648K
  class space    used 15874K, committed 16960K, reserved 1048576K
}

