# JRE version: OpenJDK Runtime Environment (21.0.5) (build 21.0.5+-12932927-b750.29)
# Java VM: OpenJDK 64-Bit Server VM (21.0.5+-12932927-b750.29, mixed mode, tiered, compressed oops, compressed class ptrs, g1 gc, windows-amd64)
GC Precious Log:
 CardTable entry size: 512
 Card Set container configuration: InlinePtr #cards 5 size 8 Array Of Cards #cards 12 size 40 Howl #buckets 4 coarsen threshold 1843 Howl Bitmap #cards 512 size 80 coarsen threshold 460 Card regions per heap region 1 cards per card region 2048
 CPUs: 12 total, 12 available
 Memory: 15774M
 Large Page Support: Disabled
 NUMA Support: Disabled
 Compressed Oops: Enabled (32-bit)
 Heap Region Size: 1M
 Heap Min Capacity: 8M
 Heap Initial Capacity: 248M
 Heap Max Capacity: 2G
 Pre-touch: Disabled
 Parallel Workers: 10
 Concurrent Workers: 3
 Concurrent Refinement Workers: 10
 Periodic GC: Disabled
Heap:
 garbage-first heap   total 336896K, used 225280K [0x0000000080000000, 0x0000000100000000)
  region size 1024K, 11 young (11264K), 11 survivors (11264K)
 Metaspace       used 128270K, committed 130496K, reserved 1179648K
  class space    used 17450K, committed 18560K, reserved 1048576K
GC Heap History (20 events):
Event: 10.509 GC heap after
{Heap after GC invocations=42 (full 0):
 garbage-first heap   total 198656K, used 120832K [0x0000000080000000, 0x0000000100000000)
  region size 1024K, 7 young (7168K), 7 survivors (7168K)
 Metaspace       used 119278K, committed 121472K, reserved 1179648K
  class space    used 16046K, committed 17152K, reserved 1048576K
}
Event: 10.758 GC heap before
{Heap before GC invocations=43 (full 0):
 garbage-first heap   total 201728K, used 179200K [0x0000000080000000, 0x0000000100000000)
  region size 1024K, 65 young (66560K), 7 survivors (7168K)
 Metaspace       used 120479K, committed 122688K, reserved 1179648K
  class space    used 16193K, committed 17344K, reserved 1048576K
}
Event: 10.763 GC heap after
{Heap after GC invocations=44 (full 0):
 garbage-first heap   total 201728K, used 124928K [0x0000000080000000, 0x0000000100000000)
  region size 1024K, 9 young (9216K), 9 survivors (9216K)
 Metaspace       used 120479K, committed 122688K, reserved 1179648K
  class space    used 16193K, committed 17344K, reserved 1048576K
}
Event: 10.923 GC heap before
{Heap before GC invocations=44 (full 0):
 garbage-first heap   total 201728K, used 180224K [0x0000000080000000, 0x0000000100000000)
  region size 1024K, 64 young (65536K), 9 survivors (9216K)
 Metaspace       used 120995K, committed 123200K, reserved 1179648K
  class space    used 16273K, committed 17408K, reserved 1048576K
}
Event: 10.929 GC heap after
{Heap after GC invocations=45 (full 0):
 garbage-first heap   total 201728K, used 126975K [0x0000000080000000, 0x0000000100000000)
  region size 1024K, 7 young (7168K), 7 survivors (7168K)
 Metaspace       used 120995K, committed 123200K, reserved 1179648K
  class space    used 16273K, committed 17408K, reserved 1048576K
}
Event: 11.010 GC heap before
{Heap before GC invocations=45 (full 0):
 garbage-first heap   total 201728K, used 181247K [0x0000000080000000, 0x0000000100000000)
  region size 1024K, 61 young (62464K), 7 survivors (7168K)
 Metaspace       used 121605K, committed 123776K, reserved 1179648K
  class space    used 16359K, committed 17472K, reserved 1048576K
}
Event: 11.015 GC heap after
{Heap after GC invocations=46 (full 0):
 garbage-first heap   total 201728K, used 138139K [0x0000000080000000, 0x0000000100000000)
  region size 1024K, 8 young (8192K), 8 survivors (8192K)
 Metaspace       used 121605K, committed 123776K, reserved 1179648K
  class space    used 16359K, committed 17472K, reserved 1048576K
}
Event: 11.045 GC heap before
{Heap before GC invocations=46 (full 0):
 garbage-first heap   total 201728K, used 181147K [0x0000000080000000, 0x0000000100000000)
  region size 1024K, 51 young (52224K), 8 survivors (8192K)
 Metaspace       used 121774K, committed 123968K, reserved 1179648K
  class space    used 16380K, committed 17536K, reserved 1048576K
}
Event: 11.049 GC heap after
{Heap after GC invocations=47 (full 0):
 garbage-first heap   total 266240K, used 147456K [0x0000000080000000, 0x0000000100000000)
  region size 1024K, 7 young (7168K), 7 survivors (7168K)
 Metaspace       used 121774K, committed 123968K, reserved 1179648K
  class space    used 16380K, committed 17536K, reserved 1048576K
}
Event: 11.136 GC heap before
{Heap before GC invocations=48 (full 0):
 garbage-first heap   total 266240K, used 227328K [0x0000000080000000, 0x0000000100000000)
  region size 1024K, 86 young (88064K), 7 survivors (7168K)
 Metaspace       used 122291K, committed 124480K, reserved 1179648K
  class space    used 16456K, committed 17600K, reserved 1048576K
}
Event: 11.141 GC heap after
{Heap after GC invocations=49 (full 0):
 garbage-first heap   total 266240K, used 164525K [0x0000000080000000, 0x0000000100000000)
  region size 1024K, 11 young (11264K), 11 survivors (11264K)
 Metaspace       used 122291K, committed 124480K, reserved 1179648K
  class space    used 16456K, committed 17600K, reserved 1048576K
}
Event: 11.500 GC heap before
{Heap before GC invocations=49 (full 0):
 garbage-first heap   total 266240K, used 232109K [0x0000000080000000, 0x0000000100000000)
  region size 1024K, 78 young (79872K), 11 survivors (11264K)
 Metaspace       used 126351K, committed 128576K, reserved 1179648K
  class space    used 17104K, committed 18240K, reserved 1048576K
}
Event: 11.508 GC heap after
{Heap after GC invocations=50 (full 0):
 garbage-first heap   total 266240K, used 175104K [0x0000000080000000, 0x0000000100000000)
  region size 1024K, 10 young (10240K), 10 survivors (10240K)
 Metaspace       used 126351K, committed 128576K, reserved 1179648K
  class space    used 17104K, committed 18240K, reserved 1048576K
}
Event: 11.552 GC heap before
{Heap before GC invocations=50 (full 0):
 garbage-first heap   total 266240K, used 236544K [0x0000000080000000, 0x0000000100000000)
  region size 1024K, 71 young (72704K), 10 survivors (10240K)
 Metaspace       used 126513K, committed 128704K, reserved 1179648K
  class space    used 17124K, committed 18240K, reserved 1048576K
}
Event: 11.563 GC heap after
{Heap after GC invocations=51 (full 0):
 garbage-first heap   total 266240K, used 189440K [0x0000000080000000, 0x0000000100000000)
  region size 1024K, 9 young (9216K), 9 survivors (9216K)
 Metaspace       used 126513K, committed 128704K, reserved 1179648K
  class space    used 17124K, committed 18240K, reserved 1048576K
}
Event: 11.627 GC heap before
{Heap before GC invocations=51 (full 0):
 garbage-first heap   total 266240K, used 239616K [0x0000000080000000, 0x0000000100000000)
  region size 1024K, 59 young (60416K), 9 survivors (9216K)
 Metaspace       used 126919K, committed 129152K, reserved 1179648K
  class space    used 17180K, committed 18304K, reserved 1048576K
}
Event: 11.638 GC heap after
{Heap after GC invocations=52 (full 0):
 garbage-first heap   total 266240K, used 201260K [0x0000000080000000, 0x0000000100000000)
  region size 1024K, 8 young (8192K), 8 survivors (8192K)
 Metaspace       used 126919K, committed 129152K, reserved 1179648K
  class space    used 17180K, committed 18304K, reserved 1048576K
}
Event: 11.696 GC heap before
{Heap before GC invocations=53 (full 0):
 garbage-first heap   total 336896K, used 240172K [0x0000000080000000, 0x0000000100000000)
  region size 1024K, 46 young (47104K), 8 survivors (8192K)
 Metaspace       used 127278K, committed 129472K, reserved 1179648K
  class space    used 17254K, committed 18368K, reserved 1048576K
}
Event: 11.706 GC heap after
{Heap after GC invocations=54 (full 0):
 garbage-first heap   total 336896K, used 210157K [0x0000000080000000, 0x0000000100000000)
  region size 1024K, 6 young (6144K), 6 survivors (6144K)
 Metaspace       used 127278K, committed 129472K, reserved 1179648K
  class space    used 17254K, committed 18368K, reserved 1048576K
}
Event: 11.795 GC heap before
{Heap before GC invocations=54 (full 0):
 garbage-first heap   total 336896K, used 291053K [0x0000000080000000, 0x0000000100000000)
  region size 1024K, 86 young (88064K), 6 survivors (6144K)
 Metaspace       used 128270K, committed 130496K, reserved 1179648K
  class space    used 17450K, committed 18560K, reserved 1048576K
}

