# JRE version: OpenJDK Runtime Environment (21.0.5) (build 21.0.5+-12932927-b750.29)
# Java VM: OpenJDK 64-Bit Server VM (21.0.5+-12932927-b750.29, mixed mode, tiered, compressed oops, compressed class ptrs, g1 gc, windows-amd64)
GC Precious Log:
 CardTable entry size: 512
 Card Set container configuration: InlinePtr #cards 5 size 8 Array Of Cards #cards 12 size 40 Howl #buckets 4 coarsen threshold 1843 Howl Bitmap #cards 512 size 80 coarsen threshold 460 Card regions per heap region 1 cards per card region 2048
 CPUs: 12 total, 12 available
 Memory: 15774M
 Large Page Support: Disabled
 NUMA Support: Disabled
 Compressed Oops: Enabled (32-bit)
 Heap Region Size: 1M
 Heap Min Capacity: 8M
 Heap Initial Capacity: 248M
 Heap Max Capacity: 2G
 Pre-touch: Disabled
 Parallel Workers: 10
 Concurrent Workers: 3
 Concurrent Refinement Workers: 10
 Periodic GC: Disabled
Heap:
 garbage-first heap   total 119808K, used 80323K [0x0000000080000000, 0x0000000100000000)
  region size 1024K, 14 young (14336K), 3 survivors (3072K)
 Metaspace       used 71251K, committed 72960K, reserved 1114112K
  class space    used 9645K, committed 10496K, reserved 1048576K
GC Heap History (20 events):
Event: 3.983 GC heap before
{Heap before GC invocations=9 (full 0):
 garbage-first heap   total 89088K, used 76387K [0x0000000080000000, 0x0000000100000000)
  region size 1024K, 51 young (52224K), 3 survivors (3072K)
 Metaspace       used 44174K, committed 45376K, reserved 1114112K
  class space    used 5912K, committed 6528K, reserved 1048576K
}
Event: 3.985 GC heap after
{Heap after GC invocations=10 (full 0):
 garbage-first heap   total 89088K, used 31433K [0x0000000080000000, 0x0000000100000000)
  region size 1024K, 7 young (7168K), 7 survivors (7168K)
 Metaspace       used 44174K, committed 45376K, reserved 1114112K
  class space    used 5912K, committed 6528K, reserved 1048576K
}
Event: 4.183 GC heap before
{Heap before GC invocations=10 (full 0):
 garbage-first heap   total 89088K, used 75465K [0x0000000080000000, 0x0000000100000000)
  region size 1024K, 51 young (52224K), 7 survivors (7168K)
 Metaspace       used 46534K, committed 47872K, reserved 1114112K
  class space    used 6218K, committed 6912K, reserved 1048576K
}
Event: 4.187 GC heap after
{Heap after GC invocations=11 (full 0):
 garbage-first heap   total 89088K, used 33499K [0x0000000080000000, 0x0000000100000000)
  region size 1024K, 3 young (3072K), 3 survivors (3072K)
 Metaspace       used 46534K, committed 47872K, reserved 1114112K
  class space    used 6218K, committed 6912K, reserved 1048576K
}
Event: 4.557 GC heap before
{Heap before GC invocations=11 (full 0):
 garbage-first heap   total 89088K, used 77531K [0x0000000080000000, 0x0000000100000000)
  region size 1024K, 46 young (47104K), 3 survivors (3072K)
 Metaspace       used 51057K, committed 52480K, reserved 1114112K
  class space    used 6956K, committed 7680K, reserved 1048576K
}
Event: 4.559 GC heap after
{Heap after GC invocations=12 (full 0):
 garbage-first heap   total 107520K, used 35765K [0x0000000080000000, 0x0000000100000000)
  region size 1024K, 5 young (5120K), 5 survivors (5120K)
 Metaspace       used 51057K, committed 52480K, reserved 1114112K
  class space    used 6956K, committed 7680K, reserved 1048576K
}
Event: 5.007 GC heap before
{Heap before GC invocations=12 (full 0):
 garbage-first heap   total 107520K, used 86965K [0x0000000080000000, 0x0000000100000000)
  region size 1024K, 55 young (56320K), 5 survivors (5120K)
 Metaspace       used 59078K, committed 60608K, reserved 1114112K
  class space    used 7985K, committed 8704K, reserved 1048576K
}
Event: 5.010 GC heap after
{Heap after GC invocations=13 (full 0):
 garbage-first heap   total 107520K, used 37916K [0x0000000080000000, 0x0000000100000000)
  region size 1024K, 6 young (6144K), 6 survivors (6144K)
 Metaspace       used 59078K, committed 60608K, reserved 1114112K
  class space    used 7985K, committed 8704K, reserved 1048576K
}
Event: 5.648 GC heap before
{Heap before GC invocations=14 (full 0):
 garbage-first heap   total 107520K, used 93212K [0x0000000080000000, 0x0000000100000000)
  region size 1024K, 61 young (62464K), 6 survivors (6144K)
 Metaspace       used 65244K, committed 66944K, reserved 1114112K
  class space    used 8935K, committed 9792K, reserved 1048576K
}
Event: 5.652 GC heap after
{Heap after GC invocations=15 (full 0):
 garbage-first heap   total 107520K, used 43606K [0x0000000080000000, 0x0000000100000000)
  region size 1024K, 8 young (8192K), 8 survivors (8192K)
 Metaspace       used 65244K, committed 66944K, reserved 1114112K
  class space    used 8935K, committed 9792K, reserved 1048576K
}
Event: 5.877 GC heap before
{Heap before GC invocations=15 (full 0):
 garbage-first heap   total 107520K, used 91734K [0x0000000080000000, 0x0000000100000000)
  region size 1024K, 56 young (57344K), 8 survivors (8192K)
 Metaspace       used 66255K, committed 67968K, reserved 1114112K
  class space    used 9051K, committed 9920K, reserved 1048576K
}
Event: 5.882 GC heap after
{Heap after GC invocations=16 (full 0):
 garbage-first heap   total 107520K, used 47497K [0x0000000080000000, 0x0000000100000000)
  region size 1024K, 6 young (6144K), 6 survivors (6144K)
 Metaspace       used 66255K, committed 67968K, reserved 1114112K
  class space    used 9051K, committed 9920K, reserved 1048576K
}
Event: 5.990 GC heap before
{Heap before GC invocations=16 (full 0):
 garbage-first heap   total 107520K, used 93577K [0x0000000080000000, 0x0000000100000000)
  region size 1024K, 52 young (53248K), 6 survivors (6144K)
 Metaspace       used 66618K, committed 68288K, reserved 1114112K
  class space    used 9070K, committed 9920K, reserved 1048576K
}
Event: 5.993 GC heap after
{Heap after GC invocations=17 (full 0):
 garbage-first heap   total 107520K, used 48865K [0x0000000080000000, 0x0000000100000000)
  region size 1024K, 4 young (4096K), 4 survivors (4096K)
 Metaspace       used 66618K, committed 68288K, reserved 1114112K
  class space    used 9070K, committed 9920K, reserved 1048576K
}
Event: 6.064 GC heap before
{Heap before GC invocations=17 (full 0):
 garbage-first heap   total 107520K, used 94945K [0x0000000080000000, 0x0000000100000000)
  region size 1024K, 50 young (51200K), 4 survivors (4096K)
 Metaspace       used 66724K, committed 68416K, reserved 1114112K
  class space    used 9070K, committed 9920K, reserved 1048576K
}
Event: 6.067 GC heap after
{Heap after GC invocations=18 (full 0):
 garbage-first heap   total 107520K, used 49601K [0x0000000080000000, 0x0000000100000000)
  region size 1024K, 5 young (5120K), 5 survivors (5120K)
 Metaspace       used 66724K, committed 68416K, reserved 1114112K
  class space    used 9070K, committed 9920K, reserved 1048576K
}
Event: 6.353 GC heap before
{Heap before GC invocations=19 (full 0):
 garbage-first heap   total 107520K, used 105921K [0x0000000080000000, 0x0000000100000000)
  region size 1024K, 48 young (49152K), 5 survivors (5120K)
 Metaspace       used 67431K, committed 69120K, reserved 1114112K
  class space    used 9192K, committed 10048K, reserved 1048576K
}
Event: 6.357 GC heap after
{Heap after GC invocations=20 (full 0):
 garbage-first heap   total 119808K, used 68641K [0x0000000080000000, 0x0000000100000000)
  region size 1024K, 7 young (7168K), 7 survivors (7168K)
 Metaspace       used 67431K, committed 69120K, reserved 1114112K
  class space    used 9192K, committed 10048K, reserved 1048576K
}
Event: 6.652 GC heap before
{Heap before GC invocations=20 (full 0):
 garbage-first heap   total 119808K, used 104481K [0x0000000080000000, 0x0000000100000000)
  region size 1024K, 42 young (43008K), 7 survivors (7168K)
 Metaspace       used 70342K, committed 72064K, reserved 1114112K
  class space    used 9559K, committed 10432K, reserved 1048576K
}
Event: 6.654 GC heap after
{Heap after GC invocations=21 (full 0):
 garbage-first heap   total 119808K, used 71107K [0x0000000080000000, 0x0000000100000000)
  region size 1024K, 3 young (3072K), 3 survivors (3072K)
 Metaspace       used 70342K, committed 72064K, reserved 1114112K
  class space    used 9559K, committed 10432K, reserved 1048576K
}

