# JRE version: OpenJDK Runtime Environment (21.0.5) (build 21.0.5+-12932927-b750.29)
# Java VM: OpenJDK 64-Bit Server VM (21.0.5+-12932927-b750.29, mixed mode, tiered, compressed oops, compressed class ptrs, g1 gc, windows-amd64)
GC Precious Log:
 CardTable entry size: 512
 Card Set container configuration: InlinePtr #cards 5 size 8 Array Of Cards #cards 12 size 40 Howl #buckets 4 coarsen threshold 1843 Howl Bitmap #cards 512 size 80 coarsen threshold 460 Card regions per heap region 1 cards per card region 2048
 CPUs: 12 total, 12 available
 Memory: 15774M
 Large Page Support: Disabled
 NUMA Support: Disabled
 Compressed Oops: Enabled (32-bit)
 Heap Region Size: 1M
 Heap Min Capacity: 8M
 Heap Initial Capacity: 248M
 Heap Max Capacity: 2G
 Pre-touch: Disabled
 Parallel Workers: 10
 Concurrent Workers: 3
 Concurrent Refinement Workers: 10
 Periodic GC: Disabled
Heap:
 garbage-first heap   total 165888K, used 108888K [0x0000000080000000, 0x0000000100000000)
  region size 1024K, 15 young (15360K), 6 survivors (6144K)
 Metaspace       used 109061K, committed 111168K, reserved 1179648K
  class space    used 14853K, committed 15936K, reserved 1048576K
GC Heap History (20 events):
Event: 6.169 GC heap before
{Heap before GC invocations=23 (full 0):
 garbage-first heap   total 122880K, used 104453K [0x0000000080000000, 0x0000000100000000)
  region size 1024K, 34 young (34816K), 2 survivors (2048K)
 Metaspace       used 77190K, committed 78976K, reserved 1179648K
  class space    used 10349K, committed 11264K, reserved 1048576K
}
Event: 6.171 GC heap after
{Heap after GC invocations=24 (full 0):
 garbage-first heap   total 122880K, used 73851K [0x0000000080000000, 0x0000000100000000)
  region size 1024K, 3 young (3072K), 3 survivors (3072K)
 Metaspace       used 77190K, committed 78976K, reserved 1179648K
  class space    used 10349K, committed 11264K, reserved 1048576K
}
Event: 6.426 GC heap before
{Heap before GC invocations=24 (full 0):
 garbage-first heap   total 122880K, used 115835K [0x0000000080000000, 0x0000000100000000)
  region size 1024K, 40 young (40960K), 3 survivors (3072K)
 Metaspace       used 80284K, committed 82112K, reserved 1179648K
  class space    used 10734K, committed 11648K, reserved 1048576K
}
Event: 6.429 GC heap after
{Heap after GC invocations=25 (full 0):
 garbage-first heap   total 125952K, used 78417K [0x0000000080000000, 0x0000000100000000)
  region size 1024K, 5 young (5120K), 5 survivors (5120K)
 Metaspace       used 80284K, committed 82112K, reserved 1179648K
  class space    used 10734K, committed 11648K, reserved 1048576K
}
Event: 6.718 GC heap before
{Heap before GC invocations=25 (full 0):
 garbage-first heap   total 125952K, used 113233K [0x0000000080000000, 0x0000000100000000)
  region size 1024K, 39 young (39936K), 5 survivors (5120K)
 Metaspace       used 82865K, committed 84736K, reserved 1179648K
  class space    used 11048K, committed 11968K, reserved 1048576K
}
Event: 6.721 GC heap after
{Heap after GC invocations=26 (full 0):
 garbage-first heap   total 151552K, used 81029K [0x0000000080000000, 0x0000000100000000)
  region size 1024K, 3 young (3072K), 3 survivors (3072K)
 Metaspace       used 82865K, committed 84736K, reserved 1179648K
  class space    used 11048K, committed 11968K, reserved 1048576K
}
Event: 7.215 GC heap before
{Heap before GC invocations=27 (full 0):
 garbage-first heap   total 151552K, used 137349K [0x0000000080000000, 0x0000000100000000)
  region size 1024K, 58 young (59392K), 3 survivors (3072K)
 Metaspace       used 88425K, committed 90240K, reserved 1179648K
  class space    used 11779K, committed 12672K, reserved 1048576K
}
Event: 7.217 GC heap after
{Heap after GC invocations=28 (full 0):
 garbage-first heap   total 151552K, used 83173K [0x0000000080000000, 0x0000000100000000)
  region size 1024K, 5 young (5120K), 5 survivors (5120K)
 Metaspace       used 88425K, committed 90240K, reserved 1179648K
  class space    used 11779K, committed 12672K, reserved 1048576K
}
Event: 7.528 GC heap before
{Heap before GC invocations=28 (full 0):
 garbage-first heap   total 151552K, used 140517K [0x0000000080000000, 0x0000000100000000)
  region size 1024K, 58 young (59392K), 5 survivors (5120K)
 Metaspace       used 90259K, committed 92224K, reserved 1179648K
  class space    used 12051K, committed 13056K, reserved 1048576K
}
Event: 7.531 GC heap after
{Heap after GC invocations=29 (full 0):
 garbage-first heap   total 153600K, used 91475K [0x0000000080000000, 0x0000000100000000)
  region size 1024K, 8 young (8192K), 8 survivors (8192K)
 Metaspace       used 90259K, committed 92224K, reserved 1179648K
  class space    used 12051K, committed 13056K, reserved 1048576K
}
Event: 7.859 GC heap before
{Heap before GC invocations=29 (full 0):
 garbage-first heap   total 153600K, used 133459K [0x0000000080000000, 0x0000000100000000)
  region size 1024K, 50 young (51200K), 8 survivors (8192K)
 Metaspace       used 93716K, committed 95680K, reserved 1179648K
  class space    used 12505K, committed 13504K, reserved 1048576K
}
Event: 7.863 GC heap after
{Heap after GC invocations=30 (full 0):
 garbage-first heap   total 153600K, used 93743K [0x0000000080000000, 0x0000000100000000)
  region size 1024K, 3 young (3072K), 3 survivors (3072K)
 Metaspace       used 93716K, committed 95680K, reserved 1179648K
  class space    used 12505K, committed 13504K, reserved 1048576K
}
Event: 8.268 GC heap before
{Heap before GC invocations=31 (full 0):
 garbage-first heap   total 158720K, used 141871K [0x0000000080000000, 0x0000000100000000)
  region size 1024K, 49 young (50176K), 3 survivors (3072K)
 Metaspace       used 97442K, committed 99456K, reserved 1179648K
  class space    used 13172K, committed 14208K, reserved 1048576K
}
Event: 8.270 GC heap after
{Heap after GC invocations=32 (full 0):
 garbage-first heap   total 158720K, used 94267K [0x0000000080000000, 0x0000000100000000)
  region size 1024K, 4 young (4096K), 4 survivors (4096K)
 Metaspace       used 97442K, committed 99456K, reserved 1179648K
  class space    used 13172K, committed 14208K, reserved 1048576K
}
Event: 8.681 GC heap before
{Heap before GC invocations=32 (full 0):
 garbage-first heap   total 158720K, used 144443K [0x0000000080000000, 0x0000000100000000)
  region size 1024K, 53 young (54272K), 4 survivors (4096K)
 Metaspace       used 101058K, committed 103168K, reserved 1179648K
  class space    used 13698K, committed 14784K, reserved 1048576K
}
Event: 8.684 GC heap after
{Heap after GC invocations=33 (full 0):
 garbage-first heap   total 158720K, used 95418K [0x0000000080000000, 0x0000000100000000)
  region size 1024K, 6 young (6144K), 6 survivors (6144K)
 Metaspace       used 101058K, committed 103168K, reserved 1179648K
  class space    used 13698K, committed 14784K, reserved 1048576K
}
Event: 9.100 GC heap before
{Heap before GC invocations=33 (full 0):
 garbage-first heap   total 158720K, used 142522K [0x0000000080000000, 0x0000000100000000)
  region size 1024K, 52 young (53248K), 6 survivors (6144K)
 Metaspace       used 104606K, committed 106688K, reserved 1179648K
  class space    used 14216K, committed 15296K, reserved 1048576K
}
Event: 9.105 GC heap after
{Heap after GC invocations=34 (full 0):
 garbage-first heap   total 158720K, used 98711K [0x0000000080000000, 0x0000000100000000)
  region size 1024K, 7 young (7168K), 7 survivors (7168K)
 Metaspace       used 104606K, committed 106688K, reserved 1179648K
  class space    used 14216K, committed 15296K, reserved 1048576K
}
Event: 9.467 GC heap before
{Heap before GC invocations=35 (full 0):
 garbage-first heap   total 165888K, used 141719K [0x0000000080000000, 0x0000000100000000)
  region size 1024K, 49 young (50176K), 7 survivors (7168K)
 Metaspace       used 108716K, committed 110848K, reserved 1179648K
  class space    used 14810K, committed 15872K, reserved 1048576K
}
Event: 9.472 GC heap after
{Heap after GC invocations=36 (full 0):
 garbage-first heap   total 165888K, used 100696K [0x0000000080000000, 0x0000000100000000)
  region size 1024K, 6 young (6144K), 6 survivors (6144K)
 Metaspace       used 108716K, committed 110848K, reserved 1179648K
  class space    used 14810K, committed 15872K, reserved 1048576K
}

